<?xml version="1.0" encoding="UTF-8"?>
<!-- Generated by org.testng.reporters.JUnitReportReporter -->
<testsuite hostname="DNYANDA" failures="0" tests="1" name="testCases.TestCase1" time="7.426" errors="0" timestamp="26 May 2021 08:57:57 GMT" skipped="0">
  <testcase classname="testCases.TestCase1" name="datainput" time="7.426"/>
</testsuite> <!-- testCases.TestCase1 -->
