<?xml version="1.0" encoding="UTF-8"?>
<!-- Generated by org.testng.reporters.JUnitReportReporter -->
<testsuite hostname="DESKTOP-QANCJUS" failures="0" tests="1" name="testCases.TestCase2" time="19.023" errors="0" timestamp="26 May 2021 13:50:58 GMT" skipped="0">
  <testcase classname="testCases.TestCase2" name="data1" time="19.023"/>
</testsuite> <!-- testCases.TestCase2 -->
