<?xml version="1.0" encoding="UTF-8"?>
<!-- Generated by org.testng.reporters.JUnitReportReporter -->
<testsuite hostname="DESKTOP-QANCJUS" failures="0" tests="1" name="testCases.TestCase3" time="0.020" errors="0" timestamp="26 May 2021 13:50:58 GMT" skipped="0">
  <testcase classname="testCases.TestCase3" name="data1" time="0.020"/>
</testsuite> <!-- testCases.TestCase3 -->
